{"/Users/bassoued/Documents/GesTock/backend/src/services/sales.service.ts": {"path":"/Users/bassoued/Documents/GesTock/backend/src/services/sales.service.ts","statementMap":{"0":{"start":{"line":1,"column":0},"end":{"line":1,"column":45}},"1":{"start":{"line":3,"column":15},"end":{"line":3,"column":33}},"2":{"start":{"line":7,"column":23},"end":{"line":7,"column":45}},"3":{"start":{"line":8,"column":18},"end":{"line":12,"column":null}},"4":{"start":{"line":15,"column":4},"end":{"line":26,"column":null}},"5":{"start":{"line":15,"column":27},"end":{"line":26,"column":6}},"6":{"start":{"line":30,"column":23},"end":{"line":30,"column":45}},"7":{"start":{"line":31,"column":18},"end":{"line":31,"column":118}},"8":{"start":{"line":32,"column":4},"end":{"line":32,"column":35}},"9":{"start":{"line":32,"column":23},"end":{"line":32,"column":35}},"10":{"start":{"line":34,"column":18},"end":{"line":39,"column":19}},"11":{"start":{"line":41,"column":4},"end":{"line":50,"column":6}},"12":{"start":{"line":45,"column":32},"end":{"line":49,"column":10}},"13":{"start":{"line":54,"column":23},"end":{"line":54,"column":45}},"14":{"start":{"line":56,"column":22},"end":{"line":56,"column":23}},"15":{"start":{"line":57,"column":19},"end":{"line":57,"column":54}},"16":{"start":{"line":58,"column":22},"end":{"line":58,"column":68}},"17":{"start":{"line":60,"column":26},"end":{"line":60,"column":28}},"18":{"start":{"line":63,"column":4},"end":{"line":85,"column":5}},"19":{"start":{"line":64,"column":20},"end":{"line":66,"column":null}},"20":{"start":{"line":69,"column":6},"end":{"line":69,"column":84}},"21":{"start":{"line":69,"column":25},"end":{"line":69,"column":84}},"22":{"start":{"line":70,"column":22},"end":{"line":70,"column":30}},"23":{"start":{"line":72,"column":6},"end":{"line":76,"column":7}},"24":{"start":{"line":73,"column":10},"end":{"line":75,"column":11}},"25":{"start":{"line":74,"column":14},"end":{"line":74,"column":84}},"26":{"start":{"line":78,"column":6},"end":{"line":78,"column":51}},"27":{"start":{"line":79,"column":6},"end":{"line":84,"column":9}},"28":{"start":{"line":87,"column":20},"end":{"line":87,"column":21}},"29":{"start":{"line":88,"column":4},"end":{"line":90,"column":5}},"30":{"start":{"line":89,"column":8},"end":{"line":89,"column":55}},"31":{"start":{"line":91,"column":23},"end":{"line":91,"column":46}},"32":{"start":{"line":94,"column":23},"end":{"line":98,"column":136}},"33":{"start":{"line":100,"column":17},"end":{"line":100,"column":30}},"34":{"start":{"line":103,"column":4},"end":{"line":122,"column":5}},"35":{"start":{"line":104,"column":8},"end":{"line":107,"column":61}},"36":{"start":{"line":109,"column":8},"end":{"line":121,"column":9}},"37":{"start":{"line":110,"column":12},"end":{"line":114,"column":42}},"38":{"start":{"line":117,"column":12},"end":{"line":120,"column":97}},"39":{"start":{"line":124,"column":4},"end":{"line":124,"column":16}},"40":{"start":{"line":5,"column":0},"end":{"line":5,"column":13}},"41":{"start":{"line":128,"column":13},"end":{"line":128,"column":null}}},"fnMap":{"0":{"name":"(anonymous_0)","decl":{"start":{"line":6,"column":2},"end":{"line":6,"column":7}},"loc":{"start":{"line":6,"column":38},"end":{"line":27,"column":3}}},"1":{"name":"(anonymous_1)","decl":{"start":{"line":15,"column":21},"end":{"line":15,"column":22}},"loc":{"start":{"line":15,"column":27},"end":{"line":26,"column":6}}},"2":{"name":"(anonymous_2)","decl":{"start":{"line":29,"column":2},"end":{"line":29,"column":7}},"loc":{"start":{"line":29,"column":50},"end":{"line":51,"column":3}}},"3":{"name":"(anonymous_3)","decl":{"start":{"line":45,"column":25},"end":{"line":45,"column":27}},"loc":{"start":{"line":45,"column":32},"end":{"line":49,"column":10}}},"4":{"name":"(anonymous_4)","decl":{"start":{"line":53,"column":2},"end":{"line":53,"column":7}},"loc":{"start":{"line":53,"column":64},"end":{"line":125,"column":3}}}},"branchMap":{"0":{"loc":{"start":{"line":32,"column":4},"end":{"line":32,"column":35}},"type":"if","locations":[{"start":{"line":32,"column":4},"end":{"line":32,"column":35}},{"start":{},"end":{}}]},"1":{"loc":{"start":{"line":57,"column":19},"end":{"line":57,"column":54}},"type":"cond-expr","locations":[{"start":{"line":57,"column":41},"end":{"line":57,"column":46}},{"start":{"line":57,"column":49},"end":{"line":57,"column":54}}]},"2":{"loc":{"start":{"line":69,"column":6},"end":{"line":69,"column":84}},"type":"if","locations":[{"start":{"line":69,"column":6},"end":{"line":69,"column":84}},{"start":{},"end":{}}]},"3":{"loc":{"start":{"line":72,"column":6},"end":{"line":76,"column":7}},"type":"if","locations":[{"start":{"line":72,"column":6},"end":{"line":76,"column":7}},{"start":{},"end":{}}]},"4":{"loc":{"start":{"line":73,"column":10},"end":{"line":75,"column":11}},"type":"if","locations":[{"start":{"line":73,"column":10},"end":{"line":75,"column":11}},{"start":{},"end":{}}]},"5":{"loc":{"start":{"line":88,"column":4},"end":{"line":90,"column":5}},"type":"if","locations":[{"start":{"line":88,"column":4},"end":{"line":90,"column":5}},{"start":{},"end":{}}]},"6":{"loc":{"start":{"line":88,"column":8},"end":{"line":88,"column":40}},"type":"binary-expr","locations":[{"start":{"line":88,"column":8},"end":{"line":88,"column":20}},{"start":{"line":88,"column":24},"end":{"line":88,"column":40}}]},"7":{"loc":{"start":{"line":98,"column":7},"end":{"line":98,"column":28}},"type":"binary-expr","locations":[{"start":{"line":98,"column":7},"end":{"line":98,"column":20}},{"start":{"line":98,"column":24},"end":{"line":98,"column":28}}]},"8":{"loc":{"start":{"line":98,"column":30},"end":{"line":98,"column":73}},"type":"cond-expr","locations":[{"start":{"line":98,"column":52},"end":{"line":98,"column":59}},{"start":{"line":98,"column":62},"end":{"line":98,"column":73}}]},"9":{"loc":{"start":{"line":98,"column":87},"end":{"line":98,"column":104}},"type":"binary-expr","locations":[{"start":{"line":98,"column":87},"end":{"line":98,"column":99}},{"start":{"line":98,"column":103},"end":{"line":98,"column":104}}]},"10":{"loc":{"start":{"line":109,"column":8},"end":{"line":121,"column":9}},"type":"if","locations":[{"start":{"line":109,"column":8},"end":{"line":121,"column":9}},{"start":{},"end":{}}]}},"s":{"0":2,"1":2,"2":2,"3":2,"4":2,"5":1,"6":2,"7":2,"8":2,"9":1,"10":1,"11":1,"12":1,"13":5,"14":5,"15":5,"16":5,"17":5,"18":5,"19":5,"20":5,"21":1,"22":4,"23":4,"24":3,"25":1,"26":3,"27":3,"28":3,"29":3,"30":1,"31":3,"32":3,"33":3,"34":3,"35":3,"36":3,"37":2,"38":2,"39":3,"40":2,"41":2},"f":{"0":2,"1":1,"2":2,"3":1,"4":5},"b":{"0":[1,1],"1":[1,4],"2":[1,4],"3":[3,1],"4":[1,2],"5":[1,2],"6":[3,1],"7":[3,3],"8":[1,2],"9":[3,2],"10":[2,1]}}
,"/Users/bassoued/Documents/GesTock/backend/src/services/stock.service.ts": {"path":"/Users/bassoued/Documents/GesTock/backend/src/services/stock.service.ts","statementMap":{"0":{"start":{"line":1,"column":0},"end":{"line":1,"column":53}},"1":{"start":{"line":2,"column":0},"end":{"line":2,"column":47}},"2":{"start":{"line":3,"column":0},"end":{"line":3,"column":46}},"3":{"start":{"line":5,"column":15},"end":{"line":5,"column":33}},"4":{"start":{"line":14,"column":13},"end":{"line":336,"column":null}},"5":{"start":{"line":16,"column":27},"end":{"line":16,"column":49}},"6":{"start":{"line":17,"column":23},"end":{"line":17,"column":41}},"7":{"start":{"line":19,"column":26},"end":{"line":19,"column":52}},"8":{"start":{"line":20,"column":30},"end":{"line":20,"column":45}},"9":{"start":{"line":22,"column":8},"end":{"line":25,"column":9}},"10":{"start":{"line":23,"column":12},"end":{"line":23,"column":null}},"11":{"start":{"line":24,"column":12},"end":{"line":24,"column":null}},"12":{"start":{"line":27,"column":25},"end":{"line":33,"column":null}},"13":{"start":{"line":36,"column":28},"end":{"line":38,"column":null}},"14":{"start":{"line":41,"column":22},"end":{"line":41,"column":64}},"15":{"start":{"line":43,"column":8},"end":{"line":64,"column":null}},"16":{"start":{"line":44,"column":48},"end":{"line":60,"column":14}},"17":{"start":{"line":68,"column":27},"end":{"line":68,"column":49}},"18":{"start":{"line":69,"column":25},"end":{"line":71,"column":null}},"19":{"start":{"line":74,"column":8},"end":{"line":76,"column":9}},"20":{"start":{"line":75,"column":12},"end":{"line":75,"column":null}},"21":{"start":{"line":78,"column":18},"end":{"line":78,"column":29}},"22":{"start":{"line":79,"column":8},"end":{"line":94,"column":null}},"23":{"start":{"line":98,"column":27},"end":{"line":98,"column":49}},"24":{"start":{"line":99,"column":23},"end":{"line":112,"column":null}},"25":{"start":{"line":115,"column":24},"end":{"line":115,"column":33}},"26":{"start":{"line":118,"column":8},"end":{"line":127,"column":9}},"27":{"start":{"line":119,"column":12},"end":{"line":126,"column":null}},"28":{"start":{"line":129,"column":8},"end":{"line":129,"column":null}},"29":{"start":{"line":133,"column":27},"end":{"line":133,"column":49}},"30":{"start":{"line":136,"column":33},"end":{"line":136,"column":35}},"31":{"start":{"line":137,"column":30},"end":{"line":137,"column":32}},"32":{"start":{"line":138,"column":25},"end":{"line":138,"column":26}},"33":{"start":{"line":140,"column":49},"end":{"line":152,"column":null}},"34":{"start":{"line":154,"column":8},"end":{"line":169,"column":9}},"35":{"start":{"line":155,"column":12},"end":{"line":168,"column":13}},"36":{"start":{"line":156,"column":28},"end":{"line":156,"column":37}},"37":{"start":{"line":158,"column":16},"end":{"line":160,"column":17}},"38":{"start":{"line":159,"column":20},"end":{"line":159,"column":null}},"39":{"start":{"line":162,"column":16},"end":{"line":164,"column":17}},"40":{"start":{"line":163,"column":20},"end":{"line":163,"column":null}},"41":{"start":{"line":165,"column":16},"end":{"line":165,"column":null}},"42":{"start":{"line":166,"column":16},"end":{"line":166,"column":null}},"43":{"start":{"line":167,"column":16},"end":{"line":167,"column":null}},"44":{"start":{"line":171,"column":8},"end":{"line":171,"column":null}},"45":{"start":{"line":172,"column":8},"end":{"line":172,"column":null}},"46":{"start":{"line":174,"column":23},"end":{"line":176,"column":null}},"47":{"start":{"line":179,"column":8},"end":{"line":181,"column":9}},"48":{"start":{"line":180,"column":12},"end":{"line":180,"column":null}},"49":{"start":{"line":183,"column":8},"end":{"line":183,"column":null}},"50":{"start":{"line":187,"column":27},"end":{"line":187,"column":49}},"51":{"start":{"line":188,"column":23},"end":{"line":190,"column":null}},"52":{"start":{"line":193,"column":8},"end":{"line":195,"column":9}},"53":{"start":{"line":194,"column":12},"end":{"line":194,"column":null}},"54":{"start":{"line":197,"column":8},"end":{"line":197,"column":null}},"55":{"start":{"line":201,"column":27},"end":{"line":201,"column":49}},"56":{"start":{"line":202,"column":23},"end":{"line":202,"column":41}},"57":{"start":{"line":204,"column":26},"end":{"line":204,"column":28}},"58":{"start":{"line":205,"column":30},"end":{"line":205,"column":45}},"59":{"start":{"line":207,"column":8},"end":{"line":210,"column":9}},"60":{"start":{"line":208,"column":12},"end":{"line":208,"column":null}},"61":{"start":{"line":209,"column":12},"end":{"line":209,"column":null}},"62":{"start":{"line":213,"column":26},"end":{"line":221,"column":null}},"63":{"start":{"line":224,"column":27},"end":{"line":226,"column":null}},"64":{"start":{"line":228,"column":22},"end":{"line":228,"column":63}},"65":{"start":{"line":230,"column":8},"end":{"line":247,"column":null}},"66":{"start":{"line":231,"column":43},"end":{"line":243,"column":14}},"67":{"start":{"line":251,"column":27},"end":{"line":251,"column":49}},"68":{"start":{"line":254,"column":26},"end":{"line":254,"column":42}},"69":{"start":{"line":255,"column":8},"end":{"line":264,"column":9}},"70":{"start":{"line":256,"column":37},"end":{"line":257,"column":null}},"71":{"start":{"line":259,"column":12},"end":{"line":263,"column":13}},"72":{"start":{"line":260,"column":16},"end":{"line":260,"column":null}},"73":{"start":{"line":262,"column":16},"end":{"line":262,"column":null}},"74":{"start":{"line":267,"column":24},"end":{"line":267,"column":73}},"75":{"start":{"line":268,"column":33},"end":{"line":271,"column":null}},"76":{"start":{"line":274,"column":34},"end":{"line":274,"column":96}},"77":{"start":{"line":275,"column":29},"end":{"line":275,"column":49}},"78":{"start":{"line":276,"column":28},"end":{"line":276,"column":45}},"79":{"start":{"line":278,"column":8},"end":{"line":292,"column":9}},"80":{"start":{"line":279,"column":12},"end":{"line":279,"column":null}},"81":{"start":{"line":280,"column":12},"end":{"line":280,"column":null}},"82":{"start":{"line":281,"column":15},"end":{"line":292,"column":9}},"83":{"start":{"line":282,"column":12},"end":{"line":284,"column":13}},"84":{"start":{"line":283,"column":16},"end":{"line":283,"column":null}},"85":{"start":{"line":285,"column":12},"end":{"line":285,"column":null}},"86":{"start":{"line":286,"column":12},"end":{"line":286,"column":null}},"87":{"start":{"line":287,"column":15},"end":{"line":292,"column":9}},"88":{"start":{"line":290,"column":12},"end":{"line":290,"column":null}},"89":{"start":{"line":291,"column":12},"end":{"line":291,"column":null}},"90":{"start":{"line":295,"column":20},"end":{"line":305,"column":null}},"91":{"start":{"line":309,"column":8},"end":{"line":313,"column":null}},"92":{"start":{"line":316,"column":8},"end":{"line":328,"column":9}},"93":{"start":{"line":317,"column":12},"end":{"line":321,"column":null}},"94":{"start":{"line":323,"column":12},"end":{"line":327,"column":null}},"95":{"start":{"line":331,"column":8},"end":{"line":332,"column":null}},"96":{"start":{"line":332,"column":26},"end":{"line":332,"column":87}},"97":{"start":{"line":334,"column":8},"end":{"line":334,"column":null}}},"fnMap":{"0":{"name":"(anonymous_0)","decl":{"start":{"line":15,"column":4},"end":{"line":15,"column":9}},"loc":{"start":{"line":15,"column":72},"end":{"line":65,"column":5}}},"1":{"name":"(anonymous_1)","decl":{"start":{"line":44,"column":35},"end":{"line":44,"column":36}},"loc":{"start":{"line":44,"column":48},"end":{"line":60,"column":14}}},"2":{"name":"(anonymous_2)","decl":{"start":{"line":67,"column":4},"end":{"line":67,"column":9}},"loc":{"start":{"line":67,"column":51},"end":{"line":95,"column":5}}},"3":{"name":"(anonymous_3)","decl":{"start":{"line":97,"column":4},"end":{"line":97,"column":9}},"loc":{"start":{"line":97,"column":53},"end":{"line":130,"column":5}}},"4":{"name":"(anonymous_4)","decl":{"start":{"line":132,"column":4},"end":{"line":132,"column":9}},"loc":{"start":{"line":132,"column":65},"end":{"line":184,"column":5}}},"5":{"name":"(anonymous_5)","decl":{"start":{"line":186,"column":4},"end":{"line":186,"column":9}},"loc":{"start":{"line":186,"column":54},"end":{"line":198,"column":5}}},"6":{"name":"(anonymous_6)","decl":{"start":{"line":200,"column":4},"end":{"line":200,"column":9}},"loc":{"start":{"line":200,"column":135},"end":{"line":248,"column":5}}},"7":{"name":"(anonymous_7)","decl":{"start":{"line":231,"column":37},"end":{"line":231,"column":38}},"loc":{"start":{"line":231,"column":43},"end":{"line":243,"column":14}}},"8":{"name":"(anonymous_8)","decl":{"start":{"line":250,"column":4},"end":{"line":250,"column":9}},"loc":{"start":{"line":250,"column":71},"end":{"line":335,"column":5}}},"9":{"name":"(anonymous_9)","decl":{"start":{"line":332,"column":19},"end":{"line":332,"column":22}},"loc":{"start":{"line":332,"column":26},"end":{"line":332,"column":87}}}},"branchMap":{"0":{"loc":{"start":{"line":22,"column":8},"end":{"line":25,"column":9}},"type":"if","locations":[{"start":{"line":22,"column":8},"end":{"line":25,"column":9}},{"start":{},"end":{}}]},"1":{"loc":{"start":{"line":37,"column":70},"end":{"line":37,"column":146}},"type":"cond-expr","locations":[{"start":{"line":37,"column":84},"end":{"line":37,"column":117}},{"start":{"line":37,"column":120},"end":{"line":37,"column":146}}]},"2":{"loc":{"start":{"line":38,"column":16},"end":{"line":38,"column":45}},"type":"cond-expr","locations":[{"start":{"line":38,"column":25},"end":{"line":38,"column":40}},{"start":{"line":38,"column":43},"end":{"line":38,"column":45}}]},"3":{"loc":{"start":{"line":41,"column":31},"end":{"line":41,"column":59}},"type":"binary-expr","locations":[{"start":{"line":41,"column":31},"end":{"line":41,"column":52}},{"start":{"line":41,"column":56},"end":{"line":41,"column":59}}]},"4":{"loc":{"start":{"line":50,"column":26},"end":{"line":50,"column":95}},"type":"cond-expr","locations":[{"start":{"line":50,"column":44},"end":{"line":50,"column":88}},{"start":{"line":50,"column":91},"end":{"line":50,"column":95}}]},"5":{"loc":{"start":{"line":74,"column":8},"end":{"line":76,"column":9}},"type":"if","locations":[{"start":{"line":74,"column":8},"end":{"line":76,"column":9}},{"start":{},"end":{}}]},"6":{"loc":{"start":{"line":105,"column":12},"end":{"line":105,"column":36}},"type":"binary-expr","locations":[{"start":{"line":105,"column":12},"end":{"line":105,"column":28}},{"start":{"line":105,"column":32},"end":{"line":105,"column":36}}]},"7":{"loc":{"start":{"line":106,"column":12},"end":{"line":106,"column":35}},"type":"binary-expr","locations":[{"start":{"line":106,"column":12},"end":{"line":106,"column":27}},{"start":{"line":106,"column":31},"end":{"line":106,"column":35}}]},"8":{"loc":{"start":{"line":107,"column":12},"end":{"line":107,"column":32}},"type":"binary-expr","locations":[{"start":{"line":107,"column":12},"end":{"line":107,"column":21}},{"start":{"line":107,"column":25},"end":{"line":107,"column":32}}]},"9":{"loc":{"start":{"line":108,"column":12},"end":{"line":108,"column":30}},"type":"binary-expr","locations":[{"start":{"line":108,"column":12},"end":{"line":108,"column":25}},{"start":{"line":108,"column":29},"end":{"line":108,"column":30}}]},"10":{"loc":{"start":{"line":109,"column":12},"end":{"line":109,"column":34}},"type":"binary-expr","locations":[{"start":{"line":109,"column":12},"end":{"line":109,"column":29}},{"start":{"line":109,"column":33},"end":{"line":109,"column":34}}]},"11":{"loc":{"start":{"line":110,"column":12},"end":{"line":110,"column":27}},"type":"binary-expr","locations":[{"start":{"line":110,"column":12},"end":{"line":110,"column":22}},{"start":{"line":110,"column":26},"end":{"line":110,"column":27}}]},"12":{"loc":{"start":{"line":111,"column":12},"end":{"line":111,"column":62}},"type":"cond-expr","locations":[{"start":{"line":111,"column":30},"end":{"line":111,"column":55}},{"start":{"line":111,"column":58},"end":{"line":111,"column":62}}]},"13":{"loc":{"start":{"line":112,"column":12},"end":{"line":112,"column":36}},"type":"binary-expr","locations":[{"start":{"line":112,"column":12},"end":{"line":112,"column":28}},{"start":{"line":112,"column":32},"end":{"line":112,"column":36}}]},"14":{"loc":{"start":{"line":118,"column":8},"end":{"line":127,"column":9}},"type":"if","locations":[{"start":{"line":118,"column":8},"end":{"line":127,"column":9}},{"start":{},"end":{}}]},"15":{"loc":{"start":{"line":125,"column":16},"end":{"line":125,"column":38}},"type":"binary-expr","locations":[{"start":{"line":125,"column":16},"end":{"line":125,"column":33}},{"start":{"line":125,"column":37},"end":{"line":125,"column":38}}]},"16":{"loc":{"start":{"line":155,"column":12},"end":{"line":168,"column":13}},"type":"if","locations":[{"start":{"line":155,"column":12},"end":{"line":168,"column":13}},{"start":{},"end":{}}]},"17":{"loc":{"start":{"line":158,"column":16},"end":{"line":160,"column":17}},"type":"if","locations":[{"start":{"line":158,"column":16},"end":{"line":160,"column":17}},{"start":{},"end":{}}]},"18":{"loc":{"start":{"line":158,"column":20},"end":{"line":158,"column":82}},"type":"binary-expr","locations":[{"start":{"line":158,"column":20},"end":{"line":158,"column":32}},{"start":{"line":158,"column":37},"end":{"line":158,"column":57}},{"start":{"line":158,"column":61},"end":{"line":158,"column":81}}]},"19":{"loc":{"start":{"line":162,"column":16},"end":{"line":164,"column":17}},"type":"if","locations":[{"start":{"line":162,"column":16},"end":{"line":164,"column":17}},{"start":{},"end":{}}]},"20":{"loc":{"start":{"line":162,"column":20},"end":{"line":162,"column":85}},"type":"binary-expr","locations":[{"start":{"line":162,"column":20},"end":{"line":162,"column":40}},{"start":{"line":162,"column":44},"end":{"line":162,"column":69}},{"start":{"line":162,"column":73},"end":{"line":162,"column":85}}]},"21":{"loc":{"start":{"line":179,"column":8},"end":{"line":181,"column":9}},"type":"if","locations":[{"start":{"line":179,"column":8},"end":{"line":181,"column":9}},{"start":{},"end":{}}]},"22":{"loc":{"start":{"line":193,"column":8},"end":{"line":195,"column":9}},"type":"if","locations":[{"start":{"line":193,"column":8},"end":{"line":195,"column":9}},{"start":{},"end":{}}]},"23":{"loc":{"start":{"line":207,"column":8},"end":{"line":210,"column":9}},"type":"if","locations":[{"start":{"line":207,"column":8},"end":{"line":210,"column":9}},{"start":{},"end":{}}]},"24":{"loc":{"start":{"line":225,"column":79},"end":{"line":225,"column":129}},"type":"cond-expr","locations":[{"start":{"line":225,"column":93},"end":{"line":225,"column":124}},{"start":{"line":225,"column":127},"end":{"line":225,"column":129}}]},"25":{"loc":{"start":{"line":226,"column":16},"end":{"line":226,"column":44}},"type":"cond-expr","locations":[{"start":{"line":226,"column":28},"end":{"line":226,"column":39}},{"start":{"line":226,"column":42},"end":{"line":226,"column":44}}]},"26":{"loc":{"start":{"line":228,"column":31},"end":{"line":228,"column":58}},"type":"binary-expr","locations":[{"start":{"line":228,"column":31},"end":{"line":228,"column":51}},{"start":{"line":228,"column":55},"end":{"line":228,"column":58}}]},"27":{"loc":{"start":{"line":236,"column":27},"end":{"line":236,"column":99}},"type":"cond-expr","locations":[{"start":{"line":236,"column":46},"end":{"line":236,"column":92}},{"start":{"line":236,"column":95},"end":{"line":236,"column":99}}]},"28":{"loc":{"start":{"line":255,"column":8},"end":{"line":264,"column":9}},"type":"if","locations":[{"start":{"line":255,"column":8},"end":{"line":264,"column":9}},{"start":{},"end":{}}]},"29":{"loc":{"start":{"line":259,"column":12},"end":{"line":263,"column":13}},"type":"if","locations":[{"start":{"line":259,"column":12},"end":{"line":263,"column":13}},{"start":{"line":261,"column":19},"end":{"line":263,"column":13}}]},"30":{"loc":{"start":{"line":274,"column":34},"end":{"line":274,"column":96}},"type":"cond-expr","locations":[{"start":{"line":274,"column":64},"end":{"line":274,"column":92}},{"start":{"line":274,"column":95},"end":{"line":274,"column":96}}]},"31":{"loc":{"start":{"line":278,"column":8},"end":{"line":292,"column":9}},"type":"if","locations":[{"start":{"line":278,"column":8},"end":{"line":292,"column":9}},{"start":{"line":281,"column":15},"end":{"line":292,"column":9}}]},"32":{"loc":{"start":{"line":281,"column":15},"end":{"line":292,"column":9}},"type":"if","locations":[{"start":{"line":281,"column":15},"end":{"line":292,"column":9}},{"start":{"line":287,"column":15},"end":{"line":292,"column":9}}]},"33":{"loc":{"start":{"line":282,"column":12},"end":{"line":284,"column":13}},"type":"if","locations":[{"start":{"line":282,"column":12},"end":{"line":284,"column":13}},{"start":{},"end":{}}]},"34":{"loc":{"start":{"line":287,"column":15},"end":{"line":292,"column":9}},"type":"if","locations":[{"start":{"line":287,"column":15},"end":{"line":292,"column":9}},{"start":{},"end":{}}]},"35":{"loc":{"start":{"line":303,"column":13},"end":{"line":303,"column":35}},"type":"binary-expr","locations":[{"start":{"line":303,"column":13},"end":{"line":303,"column":27}},{"start":{"line":303,"column":31},"end":{"line":303,"column":35}}]},"36":{"loc":{"start":{"line":304,"column":13},"end":{"line":304,"column":30}},"type":"binary-expr","locations":[{"start":{"line":304,"column":13},"end":{"line":304,"column":22}},{"start":{"line":304,"column":26},"end":{"line":304,"column":30}}]},"37":{"loc":{"start":{"line":305,"column":13},"end":{"line":305,"column":27}},"type":"binary-expr","locations":[{"start":{"line":305,"column":13},"end":{"line":305,"column":19}},{"start":{"line":305,"column":23},"end":{"line":305,"column":27}}]},"38":{"loc":{"start":{"line":316,"column":8},"end":{"line":328,"column":9}},"type":"if","locations":[{"start":{"line":316,"column":8},"end":{"line":328,"column":9}},{"start":{"line":322,"column":15},"end":{"line":328,"column":9}}]}},"s":{"0":2,"1":2,"2":2,"3":2,"4":2,"5":2,"6":2,"7":2,"8":2,"9":2,"10":1,"11":1,"12":2,"13":2,"14":2,"15":2,"16":1,"17":2,"18":2,"19":2,"20":1,"21":1,"22":1,"23":2,"24":2,"25":2,"26":2,"27":1,"28":2,"29":3,"30":3,"31":3,"32":3,"33":3,"34":3,"35":33,"36":5,"37":5,"38":2,"39":5,"40":0,"41":5,"42":5,"43":5,"44":3,"45":3,"46":3,"47":3,"48":1,"49":2,"50":2,"51":2,"52":2,"53":1,"54":1,"55":3,"56":3,"57":3,"58":3,"59":3,"60":1,"61":1,"62":3,"63":3,"64":3,"65":3,"66":3,"67":0,"68":0,"69":0,"70":0,"71":0,"72":0,"73":0,"74":0,"75":0,"76":0,"77":0,"78":0,"79":0,"80":0,"81":0,"82":0,"83":0,"84":0,"85":0,"86":0,"87":0,"88":0,"89":0,"90":0,"91":0,"92":0,"93":0,"94":0,"95":0,"96":0,"97":0},"f":{"0":2,"1":1,"2":2,"3":2,"4":3,"5":2,"6":3,"7":3,"8":0,"9":0},"b":{"0":[1,1],"1":[2,0],"2":[1,1],"3":[2,0],"4":[0,1],"5":[1,1],"6":[2,2],"7":[2,2],"8":[2,2],"9":[2,2],"10":[2,0],"11":[2,1],"12":[0,2],"13":[2,2],"14":[1,1],"15":[1,0],"16":[5,28],"17":[2,3],"18":[5,2,1],"19":[0,5],"20":[5,1,0],"21":[1,2],"22":[1,1],"23":[1,2],"24":[1,2],"25":[1,2],"26":[3,0],"27":[2,1],"28":[0,0],"29":[0,0],"30":[0,0],"31":[0,0],"32":[0,0],"33":[0,0],"34":[0,0],"35":[0,0],"36":[0,0],"37":[0,0],"38":[0,0]}}
,"/Users/bassoued/Documents/GesTock/backend/src/utils/errors.ts": {"path":"/Users/bassoued/Documents/GesTock/backend/src/utils/errors.ts","statementMap":{"0":{"start":{"line":6,"column":8},"end":{"line":6,"column":null}},"1":{"start":{"line":7,"column":8},"end":{"line":7,"column":null}},"2":{"start":{"line":8,"column":8},"end":{"line":8,"column":null}},"3":{"start":{"line":9,"column":8},"end":{"line":9,"column":null}},"4":{"start":{"line":1,"column":0},"end":{"line":1,"column":13}},"5":{"start":{"line":15,"column":8},"end":{"line":15,"column":null}},"6":{"start":{"line":13,"column":0},"end":{"line":13,"column":13}},"7":{"start":{"line":21,"column":8},"end":{"line":21,"column":null}},"8":{"start":{"line":19,"column":0},"end":{"line":19,"column":13}},"9":{"start":{"line":27,"column":8},"end":{"line":27,"column":null}},"10":{"start":{"line":25,"column":0},"end":{"line":25,"column":13}},"11":{"start":{"line":33,"column":8},"end":{"line":33,"column":null}},"12":{"start":{"line":31,"column":0},"end":{"line":31,"column":13}},"13":{"start":{"line":39,"column":8},"end":{"line":39,"column":null}},"14":{"start":{"line":37,"column":0},"end":{"line":37,"column":13}}},"fnMap":{"0":{"name":"(anonymous_0)","decl":{"start":{"line":5,"column":4},"end":{"line":5,"column":16}},"loc":{"start":{"line":5,"column":51},"end":{"line":10,"column":5}}},"1":{"name":"(anonymous_1)","decl":{"start":{"line":14,"column":4},"end":{"line":14,"column":16}},"loc":{"start":{"line":14,"column":44},"end":{"line":16,"column":5}}},"2":{"name":"(anonymous_2)","decl":{"start":{"line":20,"column":4},"end":{"line":20,"column":16}},"loc":{"start":{"line":20,"column":40},"end":{"line":22,"column":5}}},"3":{"name":"(anonymous_3)","decl":{"start":{"line":26,"column":4},"end":{"line":26,"column":16}},"loc":{"start":{"line":26,"column":42},"end":{"line":28,"column":5}}},"4":{"name":"(anonymous_4)","decl":{"start":{"line":32,"column":4},"end":{"line":32,"column":16}},"loc":{"start":{"line":32,"column":49},"end":{"line":34,"column":5}}},"5":{"name":"(anonymous_5)","decl":{"start":{"line":38,"column":4},"end":{"line":38,"column":16}},"loc":{"start":{"line":38,"column":35},"end":{"line":40,"column":5}}}},"branchMap":{"0":{"loc":{"start":{"line":14,"column":16},"end":{"line":14,"column":44}},"type":"default-arg","locations":[{"start":{"line":14,"column":26},"end":{"line":14,"column":44}}]},"1":{"loc":{"start":{"line":20,"column":16},"end":{"line":20,"column":40}},"type":"default-arg","locations":[{"start":{"line":20,"column":26},"end":{"line":20,"column":40}}]},"2":{"loc":{"start":{"line":26,"column":16},"end":{"line":26,"column":42}},"type":"default-arg","locations":[{"start":{"line":26,"column":26},"end":{"line":26,"column":42}}]},"3":{"loc":{"start":{"line":32,"column":16},"end":{"line":32,"column":49}},"type":"default-arg","locations":[{"start":{"line":32,"column":26},"end":{"line":32,"column":49}}]},"4":{"loc":{"start":{"line":38,"column":16},"end":{"line":38,"column":35}},"type":"default-arg","locations":[{"start":{"line":38,"column":26},"end":{"line":38,"column":35}}]}},"s":{"0":5,"1":5,"2":5,"3":5,"4":2,"5":0,"6":2,"7":2,"8":2,"9":0,"10":2,"11":3,"12":2,"13":0,"14":2},"f":{"0":5,"1":0,"2":2,"3":0,"4":3,"5":0},"b":{"0":[0],"1":[0],"2":[0],"3":[0],"4":[0]}}
,"/Users/bassoued/Documents/GesTock/backend/src/utils/jwt.ts": {"path":"/Users/bassoued/Documents/GesTock/backend/src/utils/jwt.ts","statementMap":{"0":{"start":{"line":1,"column":0},"end":{"line":1,"column":47}},"1":{"start":{"line":3,"column":19},"end":{"line":3,"column":189}},"2":{"start":{"line":3,"column":121},"end":{"line":3,"column":184}},"3":{"start":{"line":4,"column":27},"end":{"line":4,"column":221}},"4":{"start":{"line":4,"column":145},"end":{"line":4,"column":216}},"5":{"start":{"line":5,"column":22},"end":{"line":5,"column":60}},"6":{"start":{"line":6,"column":23},"end":{"line":6,"column":61}},"7":{"start":{"line":15,"column":35},"end":{"line":18,"column":1}},"8":{"start":{"line":16,"column":33},"end":{"line":16,"column":68}},"9":{"start":{"line":17,"column":4},"end":{"line":17,"column":null}},"10":{"start":{"line":15,"column":13},"end":{"line":15,"column":35}},"11":{"start":{"line":20,"column":36},"end":{"line":23,"column":1}},"12":{"start":{"line":21,"column":33},"end":{"line":21,"column":69}},"13":{"start":{"line":22,"column":4},"end":{"line":22,"column":null}},"14":{"start":{"line":20,"column":13},"end":{"line":20,"column":36}},"15":{"start":{"line":25,"column":33},"end":{"line":27,"column":1}},"16":{"start":{"line":26,"column":4},"end":{"line":26,"column":null}},"17":{"start":{"line":25,"column":13},"end":{"line":25,"column":33}},"18":{"start":{"line":29,"column":34},"end":{"line":31,"column":1}},"19":{"start":{"line":30,"column":4},"end":{"line":30,"column":null}},"20":{"start":{"line":29,"column":13},"end":{"line":29,"column":34}}},"fnMap":{"0":{"name":"(anonymous_1)","decl":{"start":{"line":3,"column":113},"end":{"line":3,"column":116}},"loc":{"start":{"line":3,"column":118},"end":{"line":3,"column":185}}},"1":{"name":"(anonymous_2)","decl":{"start":{"line":4,"column":137},"end":{"line":4,"column":140}},"loc":{"start":{"line":4,"column":142},"end":{"line":4,"column":217}}},"2":{"name":"(anonymous_3)","decl":{"start":{"line":15,"column":35},"end":{"line":15,"column":36}},"loc":{"start":{"line":15,"column":69},"end":{"line":18,"column":1}}},"3":{"name":"(anonymous_4)","decl":{"start":{"line":20,"column":36},"end":{"line":20,"column":37}},"loc":{"start":{"line":20,"column":70},"end":{"line":23,"column":1}}},"4":{"name":"(anonymous_5)","decl":{"start":{"line":25,"column":33},"end":{"line":25,"column":34}},"loc":{"start":{"line":25,"column":65},"end":{"line":27,"column":1}}},"5":{"name":"(anonymous_6)","decl":{"start":{"line":29,"column":34},"end":{"line":29,"column":35}},"loc":{"start":{"line":29,"column":66},"end":{"line":31,"column":1}}}},"branchMap":{"0":{"loc":{"start":{"line":3,"column":19},"end":{"line":3,"column":189}},"type":"binary-expr","locations":[{"start":{"line":3,"column":19},"end":{"line":3,"column":41}},{"start":{"line":3,"column":46},"end":{"line":3,"column":188}}]},"1":{"loc":{"start":{"line":3,"column":46},"end":{"line":3,"column":188}},"type":"cond-expr","locations":[{"start":{"line":3,"column":87},"end":{"line":3,"column":109}},{"start":{"line":3,"column":112},"end":{"line":3,"column":188}}]},"2":{"loc":{"start":{"line":4,"column":27},"end":{"line":4,"column":221}},"type":"binary-expr","locations":[{"start":{"line":4,"column":27},"end":{"line":4,"column":57}},{"start":{"line":4,"column":62},"end":{"line":4,"column":220}}]},"3":{"loc":{"start":{"line":4,"column":62},"end":{"line":4,"column":220}},"type":"cond-expr","locations":[{"start":{"line":4,"column":103},"end":{"line":4,"column":133}},{"start":{"line":4,"column":136},"end":{"line":4,"column":220}}]},"4":{"loc":{"start":{"line":5,"column":22},"end":{"line":5,"column":60}},"type":"binary-expr","locations":[{"start":{"line":5,"column":22},"end":{"line":5,"column":51}},{"start":{"line":5,"column":55},"end":{"line":5,"column":60}}]},"5":{"loc":{"start":{"line":6,"column":23},"end":{"line":6,"column":61}},"type":"binary-expr","locations":[{"start":{"line":6,"column":23},"end":{"line":6,"column":53}},{"start":{"line":6,"column":57},"end":{"line":6,"column":61}}]}},"s":{"0":1,"1":1,"2":0,"3":1,"4":0,"5":1,"6":1,"7":1,"8":0,"9":0,"10":1,"11":1,"12":0,"13":0,"14":1,"15":1,"16":0,"17":1,"18":1,"19":0,"20":1},"f":{"0":0,"1":0,"2":0,"3":0,"4":0,"5":0},"b":{"0":[1,0],"1":[0,0],"2":[1,0],"3":[0,0],"4":[1,0],"5":[1,0]}}
}
