TN:
SF:src/services/sales.service.ts
FN:6,(anonymous_0)
FN:15,(anonymous_1)
FN:29,(anonymous_2)
FN:45,(anonymous_3)
FN:53,(anonymous_4)
FNF:5
FNH:5
FNDA:2,(anonymous_0)
FNDA:1,(anonymous_1)
FNDA:2,(anonymous_2)
FNDA:1,(anonymous_3)
FNDA:5,(anonymous_4)
DA:1,2
DA:3,2
DA:5,2
DA:7,2
DA:8,2
DA:15,2
DA:30,2
DA:31,2
DA:32,2
DA:34,1
DA:41,1
DA:45,1
DA:54,5
DA:56,5
DA:57,5
DA:58,5
DA:60,5
DA:63,5
DA:64,5
DA:69,5
DA:70,4
DA:72,4
DA:73,3
DA:74,1
DA:78,3
DA:79,3
DA:87,3
DA:88,3
DA:89,1
DA:91,3
DA:94,3
DA:100,3
DA:103,3
DA:104,3
DA:109,3
DA:110,2
DA:117,2
DA:124,3
DA:128,2
LF:39
LH:39
BRDA:32,0,0,1
BRDA:32,0,1,1
BRDA:57,1,0,1
BRDA:57,1,1,4
BRDA:69,2,0,1
BRDA:69,2,1,4
BRDA:72,3,0,3
BRDA:72,3,1,1
BRDA:73,4,0,1
BRDA:73,4,1,2
BRDA:88,5,0,1
BRDA:88,5,1,2
BRDA:88,6,0,3
BRDA:88,6,1,1
BRDA:98,7,0,3
BRDA:98,7,1,3
BRDA:98,8,0,1
BRDA:98,8,1,2
BRDA:98,9,0,3
BRDA:98,9,1,2
BRDA:109,10,0,2
BRDA:109,10,1,1
BRF:22
BRH:22
end_of_record
TN:
SF:src/services/stock.service.ts
FN:15,(anonymous_0)
FN:44,(anonymous_1)
FN:67,(anonymous_2)
FN:97,(anonymous_3)
FN:132,(anonymous_4)
FN:186,(anonymous_5)
FN:200,(anonymous_6)
FN:231,(anonymous_7)
FN:250,(anonymous_8)
FN:332,(anonymous_9)
FNF:10
FNH:8
FNDA:2,(anonymous_0)
FNDA:1,(anonymous_1)
FNDA:2,(anonymous_2)
FNDA:2,(anonymous_3)
FNDA:3,(anonymous_4)
FNDA:2,(anonymous_5)
FNDA:3,(anonymous_6)
FNDA:3,(anonymous_7)
FNDA:0,(anonymous_8)
FNDA:0,(anonymous_9)
DA:1,2
DA:2,2
DA:3,2
DA:5,2
DA:14,2
DA:16,2
DA:17,2
DA:19,2
DA:20,2
DA:22,2
DA:23,1
DA:24,1
DA:27,2
DA:36,2
DA:41,2
DA:43,2
DA:44,1
DA:68,2
DA:69,2
DA:74,2
DA:75,1
DA:78,1
DA:79,1
DA:98,2
DA:99,2
DA:115,2
DA:118,2
DA:119,1
DA:129,2
DA:133,3
DA:136,3
DA:137,3
DA:138,3
DA:140,3
DA:154,3
DA:155,33
DA:156,5
DA:158,5
DA:159,2
DA:162,5
DA:163,0
DA:165,5
DA:166,5
DA:167,5
DA:171,3
DA:172,3
DA:174,3
DA:179,3
DA:180,1
DA:183,2
DA:187,2
DA:188,2
DA:193,2
DA:194,1
DA:197,1
DA:201,3
DA:202,3
DA:204,3
DA:205,3
DA:207,3
DA:208,1
DA:209,1
DA:213,3
DA:224,3
DA:228,3
DA:230,3
DA:231,3
DA:251,0
DA:254,0
DA:255,0
DA:256,0
DA:259,0
DA:260,0
DA:262,0
DA:267,0
DA:268,0
DA:274,0
DA:275,0
DA:276,0
DA:278,0
DA:279,0
DA:280,0
DA:281,0
DA:282,0
DA:283,0
DA:285,0
DA:286,0
DA:287,0
DA:290,0
DA:291,0
DA:295,0
DA:309,0
DA:316,0
DA:317,0
DA:323,0
DA:331,0
DA:332,0
DA:334,0
LF:98
LH:66
BRDA:22,0,0,1
BRDA:22,0,1,1
BRDA:37,1,0,2
BRDA:37,1,1,0
BRDA:38,2,0,1
BRDA:38,2,1,1
BRDA:41,3,0,2
BRDA:41,3,1,0
BRDA:50,4,0,0
BRDA:50,4,1,1
BRDA:74,5,0,1
BRDA:74,5,1,1
BRDA:105,6,0,2
BRDA:105,6,1,2
BRDA:106,7,0,2
BRDA:106,7,1,2
BRDA:107,8,0,2
BRDA:107,8,1,2
BRDA:108,9,0,2
BRDA:108,9,1,2
BRDA:109,10,0,2
BRDA:109,10,1,0
BRDA:110,11,0,2
BRDA:110,11,1,1
BRDA:111,12,0,0
BRDA:111,12,1,2
BRDA:112,13,0,2
BRDA:112,13,1,2
BRDA:118,14,0,1
BRDA:118,14,1,1
BRDA:125,15,0,1
BRDA:125,15,1,0
BRDA:155,16,0,5
BRDA:155,16,1,28
BRDA:158,17,0,2
BRDA:158,17,1,3
BRDA:158,18,0,5
BRDA:158,18,1,2
BRDA:158,18,2,1
BRDA:162,19,0,0
BRDA:162,19,1,5
BRDA:162,20,0,5
BRDA:162,20,1,1
BRDA:162,20,2,0
BRDA:179,21,0,1
BRDA:179,21,1,2
BRDA:193,22,0,1
BRDA:193,22,1,1
BRDA:207,23,0,1
BRDA:207,23,1,2
BRDA:225,24,0,1
BRDA:225,24,1,2
BRDA:226,25,0,1
BRDA:226,25,1,2
BRDA:228,26,0,3
BRDA:228,26,1,0
BRDA:236,27,0,2
BRDA:236,27,1,1
BRDA:255,28,0,0
BRDA:255,28,1,0
BRDA:259,29,0,0
BRDA:259,29,1,0
BRDA:274,30,0,0
BRDA:274,30,1,0
BRDA:278,31,0,0
BRDA:278,31,1,0
BRDA:281,32,0,0
BRDA:281,32,1,0
BRDA:282,33,0,0
BRDA:282,33,1,0
BRDA:287,34,0,0
BRDA:287,34,1,0
BRDA:303,35,0,0
BRDA:303,35,1,0
BRDA:304,36,0,0
BRDA:304,36,1,0
BRDA:305,37,0,0
BRDA:305,37,1,0
BRDA:316,38,0,0
BRDA:316,38,1,0
BRF:80
BRH:49
end_of_record
TN:
SF:src/utils/errors.ts
FN:5,(anonymous_0)
FN:14,(anonymous_1)
FN:20,(anonymous_2)
FN:26,(anonymous_3)
FN:32,(anonymous_4)
FN:38,(anonymous_5)
FNF:6
FNH:3
FNDA:5,(anonymous_0)
FNDA:0,(anonymous_1)
FNDA:2,(anonymous_2)
FNDA:0,(anonymous_3)
FNDA:3,(anonymous_4)
FNDA:0,(anonymous_5)
DA:1,2
DA:6,5
DA:7,5
DA:8,5
DA:9,5
DA:13,2
DA:15,0
DA:19,2
DA:21,2
DA:25,2
DA:27,0
DA:31,2
DA:33,3
DA:37,2
DA:39,0
LF:15
LH:12
BRDA:14,0,0,0
BRDA:20,1,0,0
BRDA:26,2,0,0
BRDA:32,3,0,0
BRDA:38,4,0,0
BRF:5
BRH:0
end_of_record
TN:
SF:src/utils/jwt.ts
FN:3,(anonymous_1)
FN:4,(anonymous_2)
FN:15,(anonymous_3)
FN:20,(anonymous_4)
FN:25,(anonymous_5)
FN:29,(anonymous_6)
FNF:6
FNH:0
FNDA:0,(anonymous_1)
FNDA:0,(anonymous_2)
FNDA:0,(anonymous_3)
FNDA:0,(anonymous_4)
FNDA:0,(anonymous_5)
FNDA:0,(anonymous_6)
DA:1,1
DA:3,1
DA:4,1
DA:5,1
DA:6,1
DA:15,1
DA:16,0
DA:17,0
DA:20,1
DA:21,0
DA:22,0
DA:25,1
DA:26,0
DA:29,1
DA:30,0
LF:15
LH:9
BRDA:3,0,0,1
BRDA:3,0,1,0
BRDA:3,1,0,0
BRDA:3,1,1,0
BRDA:4,2,0,1
BRDA:4,2,1,0
BRDA:4,3,0,0
BRDA:4,3,1,0
BRDA:5,4,0,1
BRDA:5,4,1,0
BRDA:6,5,0,1
BRDA:6,5,1,0
BRF:12
BRH:4
end_of_record
